<?xml version="1.0" encoding="UTF-8"?>
<!-- Generated by org.testng.reporters.JUnitReportReporter -->
<testsuite hostname="LAPTOP-MO4E1E2H" failures="0" tests="1" name="org.testing.testScripts.TC3" time="30.089" errors="0" timestamp="21 Mar 2019 20:36:58 GMT" skipped="0">
  <testcase classname="org.testing.testScripts.TC3" name="tc3" time="30.089"/>
</testsuite> <!-- org.testing.testScripts.TC3 -->
